14:05:10.712 [main] DEBUG io.netty.util.internal.PlatformDependent0 -java.nio.Buffer.address: available
14:05:10.726 [main] DEBUG io.netty.util.internal.PlatformDependent0 -direct buffer constructor: unavailable: Reflective setAccessible(true) disabled
14:05:10.728 [main] DEBUG io.netty.util.internal.PlatformDependent0 -java.nio.Bits.unaligned: available, true
14:05:10.730 [main] DEBUG io.netty.util.internal.PlatformDependent0 -jdk.internal.misc.Unsafe.allocateUninitializedArray(int): unavailable: class io.netty.util.internal.PlatformDependent0$7 cannot access class jdk.internal.misc.Unsafe (in module java.base) because module java.base does not export jdk.internal.misc to unnamed module @7ab2bfe1
14:05:10.731 [main] DEBUG io.netty.util.internal.PlatformDependent0 -java.nio.DirectByteBuffer.<init>(long, int): unavailable
14:05:10.731 [main] DEBUG io.netty.util.internal.PlatformDependent -sun.misc.Unsafe: available
14:05:10.732 [main] DEBUG io.netty.util.internal.PlatformDependent -maxDirectMemory: 2118123520 bytes (maybe)
14:05:10.732 [main] DEBUG io.netty.util.internal.PlatformDependent --Dio.netty.tmpdir: C:\Users\Dell\AppData\Local\Temp (java.io.tmpdir)
14:05:10.732 [main] DEBUG io.netty.util.internal.PlatformDependent --Dio.netty.bitMode: 64 (sun.arch.data.model)
14:05:10.733 [main] DEBUG io.netty.util.internal.PlatformDependent -Platform: Windows
14:05:10.733 [main] DEBUG io.netty.util.internal.PlatformDependent --Dio.netty.maxDirectMemory: -1 bytes
14:05:10.734 [main] DEBUG io.netty.util.internal.PlatformDependent --Dio.netty.uninitializedArrayAllocationThreshold: -1
14:05:10.735 [main] DEBUG io.netty.util.internal.CleanerJava9 -java.nio.ByteBuffer.cleaner(): available
14:05:10.735 [main] DEBUG io.netty.util.internal.PlatformDependent --Dio.netty.noPreferDirect: false
14:05:10.745 [main] DEBUG io.netty.util.internal.PlatformDependent -org.jctools-core.MpscChunkedArrayQueue: available
14:05:10.765 [main] DEBUG io.netty.util.internal.InternalThreadLocalMap --Dio.netty.threadLocalMap.stringBuilder.initialSize: 1024
14:05:10.766 [main] DEBUG io.netty.util.internal.InternalThreadLocalMap --Dio.netty.threadLocalMap.stringBuilder.maxSize: 4096
14:05:10.822 [main] DEBUG io.netty.handler.ssl.JdkSslContext -Default protocols (JDK): [TLSv1.3, TLSv1.2] 
14:05:10.823 [main] DEBUG io.netty.handler.ssl.JdkSslContext -Default cipher suites (JDK): [TLS_ECDHE_ECDSA_WITH_AES_256_GCM_SHA384, TLS_ECDHE_ECDSA_WITH_AES_128_GCM_SHA256, TLS_ECDHE_RSA_WITH_AES_128_GCM_SHA256, TLS_ECDHE_RSA_WITH_AES_256_GCM_SHA384, TLS_ECDHE_RSA_WITH_AES_128_CBC_SHA, TLS_ECDHE_RSA_WITH_AES_256_CBC_SHA, TLS_RSA_WITH_AES_128_GCM_SHA256, TLS_RSA_WITH_AES_128_CBC_SHA, TLS_RSA_WITH_AES_256_CBC_SHA, TLS_AES_128_GCM_SHA256, TLS_AES_256_GCM_SHA384]
14:05:10.836 [main] DEBUG io.netty.util.concurrent.GlobalEventExecutor --Dio.netty.globalEventExecutor.quietPeriodSeconds: 1
14:05:10.850 [main] DEBUG io.netty.channel.MultithreadEventLoopGroup --Dio.netty.eventLoopThreads: 8
14:05:10.858 [main] DEBUG io.netty.channel.nio.NioEventLoop --Dio.netty.noKeySetOptimization: false
14:05:10.858 [main] DEBUG io.netty.channel.nio.NioEventLoop --Dio.netty.selectorAutoRebuildThreshold: 512
14:05:10.899 [main] DEBUG io.netty.buffer.PooledByteBufAllocator --Dio.netty.allocator.numHeapArenas: 8
14:05:10.900 [main] DEBUG io.netty.buffer.PooledByteBufAllocator --Dio.netty.allocator.numDirectArenas: 8
14:05:10.900 [main] DEBUG io.netty.buffer.PooledByteBufAllocator --Dio.netty.allocator.pageSize: 8192
14:05:10.900 [main] DEBUG io.netty.buffer.PooledByteBufAllocator --Dio.netty.allocator.maxOrder: 9
14:05:10.900 [main] DEBUG io.netty.buffer.PooledByteBufAllocator --Dio.netty.allocator.chunkSize: 4194304
14:05:10.900 [main] DEBUG io.netty.buffer.PooledByteBufAllocator --Dio.netty.allocator.smallCacheSize: 256
14:05:10.900 [main] DEBUG io.netty.buffer.PooledByteBufAllocator --Dio.netty.allocator.normalCacheSize: 64
14:05:10.900 [main] DEBUG io.netty.buffer.PooledByteBufAllocator --Dio.netty.allocator.maxCachedBufferCapacity: 32768
14:05:10.900 [main] DEBUG io.netty.buffer.PooledByteBufAllocator --Dio.netty.allocator.cacheTrimInterval: 8192
14:05:10.900 [main] DEBUG io.netty.buffer.PooledByteBufAllocator --Dio.netty.allocator.cacheTrimIntervalMillis: 0
14:05:10.900 [main] DEBUG io.netty.buffer.PooledByteBufAllocator --Dio.netty.allocator.useCacheForAllThreads: false
14:05:10.900 [main] DEBUG io.netty.buffer.PooledByteBufAllocator --Dio.netty.allocator.maxCachedByteBuffersPerChunk: 1023
14:05:10.916 [main] DEBUG io.netty.buffer.ByteBufUtil --Dio.netty.allocator.type: pooled
14:05:10.916 [main] DEBUG io.netty.buffer.ByteBufUtil --Dio.netty.threadLocalDirectBufferSize: 0
14:05:10.917 [main] DEBUG io.netty.buffer.ByteBufUtil --Dio.netty.maxThreadLocalCharBufferSize: 16384
14:05:11.176 [Forwarding newSession on session null to remote] DEBUG io.netty.channel.DefaultChannelId --Dio.netty.processId: 9376 (auto-detected)
14:05:11.177 [Forwarding newSession on session null to remote] DEBUG io.netty.util.NetUtil --Djava.net.preferIPv4Stack: false
14:05:11.178 [Forwarding newSession on session null to remote] DEBUG io.netty.util.NetUtil --Djava.net.preferIPv6Addresses: false
14:05:11.185 [Forwarding newSession on session null to remote] DEBUG io.netty.util.NetUtilInitializations -Loopback interface: lo (Software Loopback Interface 1, 127.0.0.1)
14:05:11.186 [Forwarding newSession on session null to remote] DEBUG io.netty.util.NetUtil -Failed to get SOMAXCONN from sysctl and file \proc\sys\net\core\somaxconn. Default: 200
14:05:11.208 [Forwarding newSession on session null to remote] DEBUG io.netty.channel.DefaultChannelId --Dio.netty.machineId: b0:35:9f:ff:fe:88:60:6c (auto-detected)
14:05:11.254 [AsyncHttpClient-1-2] DEBUG io.netty.buffer.AbstractByteBuf --Dio.netty.buffer.checkAccessible: true
14:05:11.254 [AsyncHttpClient-1-2] DEBUG io.netty.buffer.AbstractByteBuf --Dio.netty.buffer.checkBounds: true
14:05:11.254 [AsyncHttpClient-1-2] DEBUG io.netty.util.ResourceLeakDetectorFactory -Loaded default ResourceLeakDetector: io.netty.util.ResourceLeakDetector@5a9246e2
14:05:11.281 [AsyncHttpClient-1-2] DEBUG io.netty.util.Recycler --Dio.netty.recycler.maxCapacityPerThread: 4096
14:05:11.281 [AsyncHttpClient-1-2] DEBUG io.netty.util.Recycler --Dio.netty.recycler.ratio: 8
14:05:11.281 [AsyncHttpClient-1-2] DEBUG io.netty.util.Recycler --Dio.netty.recycler.chunkSize: 32
14:05:11.281 [AsyncHttpClient-1-2] DEBUG io.netty.util.Recycler --Dio.netty.recycler.blocking: false
14:05:11.281 [AsyncHttpClient-1-2] DEBUG io.netty.util.Recycler --Dio.netty.recycler.batchFastThreadLocalOnly: true
14:05:12.088 [AsyncHttpClient-1-2] DEBUG io.netty.handler.codec.compression.Brotli -brotli4j not in the classpath; Brotli support will be unavailable.
14:05:12.171 [main] DEBUG io.netty.util.internal.ThreadLocalRandom --Dio.netty.initialSeedUniquifier: 0xbdd1f9043214da61
14:07:40.267 [main] DEBUG io.netty.util.internal.logging.InternalLoggerFactory -Using Log4J2 as the default logging framework
14:07:40.272 [main] DEBUG io.netty.util.ResourceLeakDetector --Dio.netty.leakDetection.level: simple
14:07:40.272 [main] DEBUG io.netty.util.ResourceLeakDetector --Dio.netty.leakDetection.targetRecords: 4
14:07:40.275 [main] DEBUG io.netty.util.ResourceLeakDetectorFactory -Loaded default ResourceLeakDetector: io.netty.util.ResourceLeakDetector@71945bc0
14:07:40.289 [main] DEBUG io.netty.util.internal.PlatformDependent0 --Dio.netty.noUnsafe: false
14:07:40.289 [main] DEBUG io.netty.util.internal.PlatformDependent0 -Java version: 17
14:07:40.290 [main] DEBUG io.netty.util.internal.PlatformDependent0 -sun.misc.Unsafe.theUnsafe: available
14:07:40.290 [main] DEBUG io.netty.util.internal.PlatformDependent0 -sun.misc.Unsafe.copyMemory: available
14:07:40.291 [main] DEBUG io.netty.util.internal.PlatformDependent0 -sun.misc.Unsafe.storeFence: available
14:07:40.291 [main] DEBUG io.netty.util.internal.PlatformDependent0 -java.nio.Buffer.address: available
14:07:40.292 [main] DEBUG io.netty.util.internal.PlatformDependent0 -direct buffer constructor: unavailable: Reflective setAccessible(true) disabled
14:07:40.292 [main] DEBUG io.netty.util.internal.PlatformDependent0 -java.nio.Bits.unaligned: available, true
14:07:40.293 [main] DEBUG io.netty.util.internal.PlatformDependent0 -jdk.internal.misc.Unsafe.allocateUninitializedArray(int): unavailable: class io.netty.util.internal.PlatformDependent0$7 cannot access class jdk.internal.misc.Unsafe (in module java.base) because module java.base does not export jdk.internal.misc to unnamed module @7ab2bfe1
14:07:40.294 [main] DEBUG io.netty.util.internal.PlatformDependent0 -java.nio.DirectByteBuffer.<init>(long, int): unavailable
14:07:40.294 [main] DEBUG io.netty.util.internal.PlatformDependent -sun.misc.Unsafe: available
14:07:40.294 [main] DEBUG io.netty.util.internal.PlatformDependent -maxDirectMemory: 2118123520 bytes (maybe)
14:07:40.294 [main] DEBUG io.netty.util.internal.PlatformDependent --Dio.netty.tmpdir: C:\Users\Dell\AppData\Local\Temp (java.io.tmpdir)
14:07:40.295 [main] DEBUG io.netty.util.internal.PlatformDependent --Dio.netty.bitMode: 64 (sun.arch.data.model)
14:07:40.295 [main] DEBUG io.netty.util.internal.PlatformDependent -Platform: Windows
14:07:40.295 [main] DEBUG io.netty.util.internal.PlatformDependent --Dio.netty.maxDirectMemory: -1 bytes
14:07:40.295 [main] DEBUG io.netty.util.internal.PlatformDependent --Dio.netty.uninitializedArrayAllocationThreshold: -1
14:07:40.296 [main] DEBUG io.netty.util.internal.CleanerJava9 -java.nio.ByteBuffer.cleaner(): available
14:07:40.296 [main] DEBUG io.netty.util.internal.PlatformDependent --Dio.netty.noPreferDirect: false
14:07:40.302 [main] DEBUG io.netty.util.internal.PlatformDependent -org.jctools-core.MpscChunkedArrayQueue: available
14:07:40.316 [main] DEBUG io.netty.util.internal.InternalThreadLocalMap --Dio.netty.threadLocalMap.stringBuilder.initialSize: 1024
14:07:40.316 [main] DEBUG io.netty.util.internal.InternalThreadLocalMap --Dio.netty.threadLocalMap.stringBuilder.maxSize: 4096
14:07:40.328 [main] DEBUG io.netty.handler.ssl.JdkSslContext -Default protocols (JDK): [TLSv1.3, TLSv1.2] 
14:07:40.328 [main] DEBUG io.netty.handler.ssl.JdkSslContext -Default cipher suites (JDK): [TLS_ECDHE_ECDSA_WITH_AES_256_GCM_SHA384, TLS_ECDHE_ECDSA_WITH_AES_128_GCM_SHA256, TLS_ECDHE_RSA_WITH_AES_128_GCM_SHA256, TLS_ECDHE_RSA_WITH_AES_256_GCM_SHA384, TLS_ECDHE_RSA_WITH_AES_128_CBC_SHA, TLS_ECDHE_RSA_WITH_AES_256_CBC_SHA, TLS_RSA_WITH_AES_128_GCM_SHA256, TLS_RSA_WITH_AES_128_CBC_SHA, TLS_RSA_WITH_AES_256_CBC_SHA, TLS_AES_128_GCM_SHA256, TLS_AES_256_GCM_SHA384]
14:07:40.339 [main] DEBUG io.netty.util.concurrent.GlobalEventExecutor --Dio.netty.globalEventExecutor.quietPeriodSeconds: 1
14:07:40.350 [main] DEBUG io.netty.channel.MultithreadEventLoopGroup --Dio.netty.eventLoopThreads: 8
14:07:40.357 [main] DEBUG io.netty.channel.nio.NioEventLoop --Dio.netty.noKeySetOptimization: false
14:07:40.357 [main] DEBUG io.netty.channel.nio.NioEventLoop --Dio.netty.selectorAutoRebuildThreshold: 512
14:07:40.394 [main] DEBUG io.netty.buffer.PooledByteBufAllocator --Dio.netty.allocator.numHeapArenas: 8
14:07:40.394 [main] DEBUG io.netty.buffer.PooledByteBufAllocator --Dio.netty.allocator.numDirectArenas: 8
14:07:40.394 [main] DEBUG io.netty.buffer.PooledByteBufAllocator --Dio.netty.allocator.pageSize: 8192
14:07:40.394 [main] DEBUG io.netty.buffer.PooledByteBufAllocator --Dio.netty.allocator.maxOrder: 9
14:07:40.394 [main] DEBUG io.netty.buffer.PooledByteBufAllocator --Dio.netty.allocator.chunkSize: 4194304
14:07:40.394 [main] DEBUG io.netty.buffer.PooledByteBufAllocator --Dio.netty.allocator.smallCacheSize: 256
14:07:40.394 [main] DEBUG io.netty.buffer.PooledByteBufAllocator --Dio.netty.allocator.normalCacheSize: 64
14:07:40.395 [main] DEBUG io.netty.buffer.PooledByteBufAllocator --Dio.netty.allocator.maxCachedBufferCapacity: 32768
14:07:40.395 [main] DEBUG io.netty.buffer.PooledByteBufAllocator --Dio.netty.allocator.cacheTrimInterval: 8192
14:07:40.395 [main] DEBUG io.netty.buffer.PooledByteBufAllocator --Dio.netty.allocator.cacheTrimIntervalMillis: 0
14:07:40.395 [main] DEBUG io.netty.buffer.PooledByteBufAllocator --Dio.netty.allocator.useCacheForAllThreads: false
14:07:40.395 [main] DEBUG io.netty.buffer.PooledByteBufAllocator --Dio.netty.allocator.maxCachedByteBuffersPerChunk: 1023
14:07:40.405 [main] DEBUG io.netty.buffer.ByteBufUtil --Dio.netty.allocator.type: pooled
14:07:40.405 [main] DEBUG io.netty.buffer.ByteBufUtil --Dio.netty.threadLocalDirectBufferSize: 0
14:07:40.406 [main] DEBUG io.netty.buffer.ByteBufUtil --Dio.netty.maxThreadLocalCharBufferSize: 16384
14:07:40.696 [Forwarding newSession on session null to remote] DEBUG io.netty.channel.DefaultChannelId --Dio.netty.processId: 15824 (auto-detected)
14:07:40.699 [Forwarding newSession on session null to remote] DEBUG io.netty.util.NetUtil --Djava.net.preferIPv4Stack: false
14:07:40.699 [Forwarding newSession on session null to remote] DEBUG io.netty.util.NetUtil --Djava.net.preferIPv6Addresses: false
14:07:40.707 [Forwarding newSession on session null to remote] DEBUG io.netty.util.NetUtilInitializations -Loopback interface: lo (Software Loopback Interface 1, 127.0.0.1)
14:07:40.708 [Forwarding newSession on session null to remote] DEBUG io.netty.util.NetUtil -Failed to get SOMAXCONN from sysctl and file \proc\sys\net\core\somaxconn. Default: 200
14:07:40.727 [Forwarding newSession on session null to remote] DEBUG io.netty.channel.DefaultChannelId --Dio.netty.machineId: b0:35:9f:ff:fe:88:60:6c (auto-detected)
14:07:40.767 [AsyncHttpClient-1-2] DEBUG io.netty.buffer.AbstractByteBuf --Dio.netty.buffer.checkAccessible: true
14:07:40.768 [AsyncHttpClient-1-2] DEBUG io.netty.buffer.AbstractByteBuf --Dio.netty.buffer.checkBounds: true
14:07:40.768 [AsyncHttpClient-1-2] DEBUG io.netty.util.ResourceLeakDetectorFactory -Loaded default ResourceLeakDetector: io.netty.util.ResourceLeakDetector@6b24b423
14:07:40.791 [AsyncHttpClient-1-2] DEBUG io.netty.util.Recycler --Dio.netty.recycler.maxCapacityPerThread: 4096
14:07:40.792 [AsyncHttpClient-1-2] DEBUG io.netty.util.Recycler --Dio.netty.recycler.ratio: 8
14:07:40.792 [AsyncHttpClient-1-2] DEBUG io.netty.util.Recycler --Dio.netty.recycler.chunkSize: 32
14:07:40.792 [AsyncHttpClient-1-2] DEBUG io.netty.util.Recycler --Dio.netty.recycler.blocking: false
14:07:40.792 [AsyncHttpClient-1-2] DEBUG io.netty.util.Recycler --Dio.netty.recycler.batchFastThreadLocalOnly: true
14:07:41.580 [AsyncHttpClient-1-2] DEBUG io.netty.handler.codec.compression.Brotli -brotli4j not in the classpath; Brotli support will be unavailable.
14:07:41.673 [main] DEBUG io.netty.util.internal.ThreadLocalRandom --Dio.netty.initialSeedUniquifier: 0x6539b8455d552f02
14:13:22.241 [main] DEBUG io.netty.util.internal.logging.InternalLoggerFactory -Using Log4J2 as the default logging framework
14:13:22.249 [main] DEBUG io.netty.util.ResourceLeakDetector --Dio.netty.leakDetection.level: simple
14:13:22.249 [main] DEBUG io.netty.util.ResourceLeakDetector --Dio.netty.leakDetection.targetRecords: 4
14:13:22.253 [main] DEBUG io.netty.util.ResourceLeakDetectorFactory -Loaded default ResourceLeakDetector: io.netty.util.ResourceLeakDetector@bd1111a
14:13:22.276 [main] DEBUG io.netty.util.internal.PlatformDependent0 --Dio.netty.noUnsafe: false
14:13:22.276 [main] DEBUG io.netty.util.internal.PlatformDependent0 -Java version: 17
14:13:22.277 [main] DEBUG io.netty.util.internal.PlatformDependent0 -sun.misc.Unsafe.theUnsafe: available
14:13:22.278 [main] DEBUG io.netty.util.internal.PlatformDependent0 -sun.misc.Unsafe.copyMemory: available
14:13:22.278 [main] DEBUG io.netty.util.internal.PlatformDependent0 -sun.misc.Unsafe.storeFence: available
14:13:22.279 [main] DEBUG io.netty.util.internal.PlatformDependent0 -java.nio.Buffer.address: available
14:13:22.280 [main] DEBUG io.netty.util.internal.PlatformDependent0 -direct buffer constructor: unavailable: Reflective setAccessible(true) disabled
14:13:22.281 [main] DEBUG io.netty.util.internal.PlatformDependent0 -java.nio.Bits.unaligned: available, true
14:13:22.282 [main] DEBUG io.netty.util.internal.PlatformDependent0 -jdk.internal.misc.Unsafe.allocateUninitializedArray(int): unavailable: class io.netty.util.internal.PlatformDependent0$7 cannot access class jdk.internal.misc.Unsafe (in module java.base) because module java.base does not export jdk.internal.misc to unnamed module @7ab2bfe1
14:13:22.284 [main] DEBUG io.netty.util.internal.PlatformDependent0 -java.nio.DirectByteBuffer.<init>(long, int): unavailable
14:13:22.284 [main] DEBUG io.netty.util.internal.PlatformDependent -sun.misc.Unsafe: available
14:13:22.284 [main] DEBUG io.netty.util.internal.PlatformDependent -maxDirectMemory: 2118123520 bytes (maybe)
14:13:22.285 [main] DEBUG io.netty.util.internal.PlatformDependent --Dio.netty.tmpdir: C:\Users\Dell\AppData\Local\Temp (java.io.tmpdir)
14:13:22.285 [main] DEBUG io.netty.util.internal.PlatformDependent --Dio.netty.bitMode: 64 (sun.arch.data.model)
14:13:22.285 [main] DEBUG io.netty.util.internal.PlatformDependent -Platform: Windows
14:13:22.286 [main] DEBUG io.netty.util.internal.PlatformDependent --Dio.netty.maxDirectMemory: -1 bytes
14:13:22.286 [main] DEBUG io.netty.util.internal.PlatformDependent --Dio.netty.uninitializedArrayAllocationThreshold: -1
14:13:22.288 [main] DEBUG io.netty.util.internal.CleanerJava9 -java.nio.ByteBuffer.cleaner(): available
14:13:22.289 [main] DEBUG io.netty.util.internal.PlatformDependent --Dio.netty.noPreferDirect: false
14:13:22.298 [main] DEBUG io.netty.util.internal.PlatformDependent -org.jctools-core.MpscChunkedArrayQueue: available
14:13:22.315 [main] DEBUG io.netty.util.internal.InternalThreadLocalMap --Dio.netty.threadLocalMap.stringBuilder.initialSize: 1024
14:13:22.316 [main] DEBUG io.netty.util.internal.InternalThreadLocalMap --Dio.netty.threadLocalMap.stringBuilder.maxSize: 4096
14:13:22.375 [main] DEBUG io.netty.handler.ssl.JdkSslContext -Default protocols (JDK): [TLSv1.3, TLSv1.2] 
14:13:22.376 [main] DEBUG io.netty.handler.ssl.JdkSslContext -Default cipher suites (JDK): [TLS_ECDHE_ECDSA_WITH_AES_256_GCM_SHA384, TLS_ECDHE_ECDSA_WITH_AES_128_GCM_SHA256, TLS_ECDHE_RSA_WITH_AES_128_GCM_SHA256, TLS_ECDHE_RSA_WITH_AES_256_GCM_SHA384, TLS_ECDHE_RSA_WITH_AES_128_CBC_SHA, TLS_ECDHE_RSA_WITH_AES_256_CBC_SHA, TLS_RSA_WITH_AES_128_GCM_SHA256, TLS_RSA_WITH_AES_128_CBC_SHA, TLS_RSA_WITH_AES_256_CBC_SHA, TLS_AES_128_GCM_SHA256, TLS_AES_256_GCM_SHA384]
14:13:22.390 [main] DEBUG io.netty.util.concurrent.GlobalEventExecutor --Dio.netty.globalEventExecutor.quietPeriodSeconds: 1
14:13:22.403 [main] DEBUG io.netty.channel.MultithreadEventLoopGroup --Dio.netty.eventLoopThreads: 8
14:13:22.412 [main] DEBUG io.netty.channel.nio.NioEventLoop --Dio.netty.noKeySetOptimization: false
14:13:22.412 [main] DEBUG io.netty.channel.nio.NioEventLoop --Dio.netty.selectorAutoRebuildThreshold: 512
14:13:22.456 [main] DEBUG io.netty.buffer.PooledByteBufAllocator --Dio.netty.allocator.numHeapArenas: 8
14:13:22.456 [main] DEBUG io.netty.buffer.PooledByteBufAllocator --Dio.netty.allocator.numDirectArenas: 8
14:13:22.456 [main] DEBUG io.netty.buffer.PooledByteBufAllocator --Dio.netty.allocator.pageSize: 8192
14:13:22.456 [main] DEBUG io.netty.buffer.PooledByteBufAllocator --Dio.netty.allocator.maxOrder: 9
14:13:22.456 [main] DEBUG io.netty.buffer.PooledByteBufAllocator --Dio.netty.allocator.chunkSize: 4194304
14:13:22.456 [main] DEBUG io.netty.buffer.PooledByteBufAllocator --Dio.netty.allocator.smallCacheSize: 256
14:13:22.456 [main] DEBUG io.netty.buffer.PooledByteBufAllocator --Dio.netty.allocator.normalCacheSize: 64
14:13:22.456 [main] DEBUG io.netty.buffer.PooledByteBufAllocator --Dio.netty.allocator.maxCachedBufferCapacity: 32768
14:13:22.456 [main] DEBUG io.netty.buffer.PooledByteBufAllocator --Dio.netty.allocator.cacheTrimInterval: 8192
14:13:22.456 [main] DEBUG io.netty.buffer.PooledByteBufAllocator --Dio.netty.allocator.cacheTrimIntervalMillis: 0
14:13:22.456 [main] DEBUG io.netty.buffer.PooledByteBufAllocator --Dio.netty.allocator.useCacheForAllThreads: false
14:13:22.457 [main] DEBUG io.netty.buffer.PooledByteBufAllocator --Dio.netty.allocator.maxCachedByteBuffersPerChunk: 1023
14:13:22.474 [main] DEBUG io.netty.buffer.ByteBufUtil --Dio.netty.allocator.type: pooled
14:13:22.475 [main] DEBUG io.netty.buffer.ByteBufUtil --Dio.netty.threadLocalDirectBufferSize: 0
14:13:22.475 [main] DEBUG io.netty.buffer.ByteBufUtil --Dio.netty.maxThreadLocalCharBufferSize: 16384
14:13:22.750 [Forwarding newSession on session null to remote] DEBUG io.netty.channel.DefaultChannelId --Dio.netty.processId: 15872 (auto-detected)
14:13:22.752 [Forwarding newSession on session null to remote] DEBUG io.netty.util.NetUtil --Djava.net.preferIPv4Stack: false
14:13:22.753 [Forwarding newSession on session null to remote] DEBUG io.netty.util.NetUtil --Djava.net.preferIPv6Addresses: false
14:13:22.761 [Forwarding newSession on session null to remote] DEBUG io.netty.util.NetUtilInitializations -Loopback interface: lo (Software Loopback Interface 1, 127.0.0.1)
14:13:22.763 [Forwarding newSession on session null to remote] DEBUG io.netty.util.NetUtil -Failed to get SOMAXCONN from sysctl and file \proc\sys\net\core\somaxconn. Default: 200
14:13:22.787 [Forwarding newSession on session null to remote] DEBUG io.netty.channel.DefaultChannelId --Dio.netty.machineId: b0:35:9f:ff:fe:88:60:6c (auto-detected)
14:13:22.855 [AsyncHttpClient-1-2] DEBUG io.netty.buffer.AbstractByteBuf --Dio.netty.buffer.checkAccessible: true
14:13:22.855 [AsyncHttpClient-1-2] DEBUG io.netty.buffer.AbstractByteBuf --Dio.netty.buffer.checkBounds: true
14:13:22.855 [AsyncHttpClient-1-2] DEBUG io.netty.util.ResourceLeakDetectorFactory -Loaded default ResourceLeakDetector: io.netty.util.ResourceLeakDetector@4bff4363
14:13:22.887 [AsyncHttpClient-1-2] DEBUG io.netty.util.Recycler --Dio.netty.recycler.maxCapacityPerThread: 4096
14:13:22.887 [AsyncHttpClient-1-2] DEBUG io.netty.util.Recycler --Dio.netty.recycler.ratio: 8
14:13:22.887 [AsyncHttpClient-1-2] DEBUG io.netty.util.Recycler --Dio.netty.recycler.chunkSize: 32
14:13:22.887 [AsyncHttpClient-1-2] DEBUG io.netty.util.Recycler --Dio.netty.recycler.blocking: false
14:13:22.887 [AsyncHttpClient-1-2] DEBUG io.netty.util.Recycler --Dio.netty.recycler.batchFastThreadLocalOnly: true
14:13:23.683 [AsyncHttpClient-1-2] DEBUG io.netty.handler.codec.compression.Brotli -brotli4j not in the classpath; Brotli support will be unavailable.
14:13:23.767 [main] DEBUG io.netty.util.internal.ThreadLocalRandom --Dio.netty.initialSeedUniquifier: 0x8ad63473111ff2a8
14:16:20.461 [main] DEBUG io.netty.util.internal.logging.InternalLoggerFactory -Using Log4J2 as the default logging framework
14:16:20.467 [main] DEBUG io.netty.util.ResourceLeakDetector --Dio.netty.leakDetection.level: simple
14:16:20.467 [main] DEBUG io.netty.util.ResourceLeakDetector --Dio.netty.leakDetection.targetRecords: 4
14:16:20.470 [main] DEBUG io.netty.util.ResourceLeakDetectorFactory -Loaded default ResourceLeakDetector: io.netty.util.ResourceLeakDetector@4248e66b
14:16:20.485 [main] DEBUG io.netty.util.internal.PlatformDependent0 --Dio.netty.noUnsafe: false
14:16:20.485 [main] DEBUG io.netty.util.internal.PlatformDependent0 -Java version: 17
14:16:20.486 [main] DEBUG io.netty.util.internal.PlatformDependent0 -sun.misc.Unsafe.theUnsafe: available
14:16:20.487 [main] DEBUG io.netty.util.internal.PlatformDependent0 -sun.misc.Unsafe.copyMemory: available
14:16:20.488 [main] DEBUG io.netty.util.internal.PlatformDependent0 -sun.misc.Unsafe.storeFence: available
14:16:20.488 [main] DEBUG io.netty.util.internal.PlatformDependent0 -java.nio.Buffer.address: available
14:16:20.489 [main] DEBUG io.netty.util.internal.PlatformDependent0 -direct buffer constructor: unavailable: Reflective setAccessible(true) disabled
14:16:20.490 [main] DEBUG io.netty.util.internal.PlatformDependent0 -java.nio.Bits.unaligned: available, true
14:16:20.491 [main] DEBUG io.netty.util.internal.PlatformDependent0 -jdk.internal.misc.Unsafe.allocateUninitializedArray(int): unavailable: class io.netty.util.internal.PlatformDependent0$7 cannot access class jdk.internal.misc.Unsafe (in module java.base) because module java.base does not export jdk.internal.misc to unnamed module @7ab2bfe1
14:16:20.492 [main] DEBUG io.netty.util.internal.PlatformDependent0 -java.nio.DirectByteBuffer.<init>(long, int): unavailable
14:16:20.492 [main] DEBUG io.netty.util.internal.PlatformDependent -sun.misc.Unsafe: available
14:16:20.492 [main] DEBUG io.netty.util.internal.PlatformDependent -maxDirectMemory: 2118123520 bytes (maybe)
14:16:20.492 [main] DEBUG io.netty.util.internal.PlatformDependent --Dio.netty.tmpdir: C:\Users\Dell\AppData\Local\Temp (java.io.tmpdir)
14:16:20.492 [main] DEBUG io.netty.util.internal.PlatformDependent --Dio.netty.bitMode: 64 (sun.arch.data.model)
14:16:20.493 [main] DEBUG io.netty.util.internal.PlatformDependent -Platform: Windows
14:16:20.494 [main] DEBUG io.netty.util.internal.PlatformDependent --Dio.netty.maxDirectMemory: -1 bytes
14:16:20.494 [main] DEBUG io.netty.util.internal.PlatformDependent --Dio.netty.uninitializedArrayAllocationThreshold: -1
14:16:20.495 [main] DEBUG io.netty.util.internal.CleanerJava9 -java.nio.ByteBuffer.cleaner(): available
14:16:20.495 [main] DEBUG io.netty.util.internal.PlatformDependent --Dio.netty.noPreferDirect: false
14:16:20.502 [main] DEBUG io.netty.util.internal.PlatformDependent -org.jctools-core.MpscChunkedArrayQueue: available
14:16:20.516 [main] DEBUG io.netty.util.internal.InternalThreadLocalMap --Dio.netty.threadLocalMap.stringBuilder.initialSize: 1024
14:16:20.516 [main] DEBUG io.netty.util.internal.InternalThreadLocalMap --Dio.netty.threadLocalMap.stringBuilder.maxSize: 4096
14:16:20.564 [main] DEBUG io.netty.handler.ssl.JdkSslContext -Default protocols (JDK): [TLSv1.3, TLSv1.2] 
14:16:20.564 [main] DEBUG io.netty.handler.ssl.JdkSslContext -Default cipher suites (JDK): [TLS_ECDHE_ECDSA_WITH_AES_256_GCM_SHA384, TLS_ECDHE_ECDSA_WITH_AES_128_GCM_SHA256, TLS_ECDHE_RSA_WITH_AES_128_GCM_SHA256, TLS_ECDHE_RSA_WITH_AES_256_GCM_SHA384, TLS_ECDHE_RSA_WITH_AES_128_CBC_SHA, TLS_ECDHE_RSA_WITH_AES_256_CBC_SHA, TLS_RSA_WITH_AES_128_GCM_SHA256, TLS_RSA_WITH_AES_128_CBC_SHA, TLS_RSA_WITH_AES_256_CBC_SHA, TLS_AES_128_GCM_SHA256, TLS_AES_256_GCM_SHA384]
14:16:20.576 [main] DEBUG io.netty.util.concurrent.GlobalEventExecutor --Dio.netty.globalEventExecutor.quietPeriodSeconds: 1
14:16:20.588 [main] DEBUG io.netty.channel.MultithreadEventLoopGroup --Dio.netty.eventLoopThreads: 8
14:16:20.598 [main] DEBUG io.netty.channel.nio.NioEventLoop --Dio.netty.noKeySetOptimization: false
14:16:20.598 [main] DEBUG io.netty.channel.nio.NioEventLoop --Dio.netty.selectorAutoRebuildThreshold: 512
14:16:20.640 [main] DEBUG io.netty.buffer.PooledByteBufAllocator --Dio.netty.allocator.numHeapArenas: 8
14:16:20.640 [main] DEBUG io.netty.buffer.PooledByteBufAllocator --Dio.netty.allocator.numDirectArenas: 8
14:16:20.640 [main] DEBUG io.netty.buffer.PooledByteBufAllocator --Dio.netty.allocator.pageSize: 8192
14:16:20.640 [main] DEBUG io.netty.buffer.PooledByteBufAllocator --Dio.netty.allocator.maxOrder: 9
14:16:20.640 [main] DEBUG io.netty.buffer.PooledByteBufAllocator --Dio.netty.allocator.chunkSize: 4194304
14:16:20.641 [main] DEBUG io.netty.buffer.PooledByteBufAllocator --Dio.netty.allocator.smallCacheSize: 256
14:16:20.641 [main] DEBUG io.netty.buffer.PooledByteBufAllocator --Dio.netty.allocator.normalCacheSize: 64
14:16:20.641 [main] DEBUG io.netty.buffer.PooledByteBufAllocator --Dio.netty.allocator.maxCachedBufferCapacity: 32768
14:16:20.641 [main] DEBUG io.netty.buffer.PooledByteBufAllocator --Dio.netty.allocator.cacheTrimInterval: 8192
14:16:20.641 [main] DEBUG io.netty.buffer.PooledByteBufAllocator --Dio.netty.allocator.cacheTrimIntervalMillis: 0
14:16:20.641 [main] DEBUG io.netty.buffer.PooledByteBufAllocator --Dio.netty.allocator.useCacheForAllThreads: false
14:16:20.641 [main] DEBUG io.netty.buffer.PooledByteBufAllocator --Dio.netty.allocator.maxCachedByteBuffersPerChunk: 1023
14:16:20.656 [main] DEBUG io.netty.buffer.ByteBufUtil --Dio.netty.allocator.type: pooled
14:16:20.656 [main] DEBUG io.netty.buffer.ByteBufUtil --Dio.netty.threadLocalDirectBufferSize: 0
14:16:20.656 [main] DEBUG io.netty.buffer.ByteBufUtil --Dio.netty.maxThreadLocalCharBufferSize: 16384
14:16:20.943 [Forwarding newSession on session null to remote] DEBUG io.netty.channel.DefaultChannelId --Dio.netty.processId: 18448 (auto-detected)
14:16:20.945 [Forwarding newSession on session null to remote] DEBUG io.netty.util.NetUtil --Djava.net.preferIPv4Stack: false
14:16:20.946 [Forwarding newSession on session null to remote] DEBUG io.netty.util.NetUtil --Djava.net.preferIPv6Addresses: false
14:16:20.954 [Forwarding newSession on session null to remote] DEBUG io.netty.util.NetUtilInitializations -Loopback interface: lo (Software Loopback Interface 1, 127.0.0.1)
14:16:20.955 [Forwarding newSession on session null to remote] DEBUG io.netty.util.NetUtil -Failed to get SOMAXCONN from sysctl and file \proc\sys\net\core\somaxconn. Default: 200
14:16:20.977 [Forwarding newSession on session null to remote] DEBUG io.netty.channel.DefaultChannelId --Dio.netty.machineId: b0:35:9f:ff:fe:88:60:6c (auto-detected)
14:16:21.024 [AsyncHttpClient-1-2] DEBUG io.netty.buffer.AbstractByteBuf --Dio.netty.buffer.checkAccessible: true
14:16:21.024 [AsyncHttpClient-1-2] DEBUG io.netty.buffer.AbstractByteBuf --Dio.netty.buffer.checkBounds: true
14:16:21.024 [AsyncHttpClient-1-2] DEBUG io.netty.util.ResourceLeakDetectorFactory -Loaded default ResourceLeakDetector: io.netty.util.ResourceLeakDetector@46ae6fea
14:16:21.048 [AsyncHttpClient-1-2] DEBUG io.netty.util.Recycler --Dio.netty.recycler.maxCapacityPerThread: 4096
14:16:21.048 [AsyncHttpClient-1-2] DEBUG io.netty.util.Recycler --Dio.netty.recycler.ratio: 8
14:16:21.048 [AsyncHttpClient-1-2] DEBUG io.netty.util.Recycler --Dio.netty.recycler.chunkSize: 32
14:16:21.048 [AsyncHttpClient-1-2] DEBUG io.netty.util.Recycler --Dio.netty.recycler.blocking: false
14:16:21.048 [AsyncHttpClient-1-2] DEBUG io.netty.util.Recycler --Dio.netty.recycler.batchFastThreadLocalOnly: true
14:16:21.907 [AsyncHttpClient-1-2] DEBUG io.netty.handler.codec.compression.Brotli -brotli4j not in the classpath; Brotli support will be unavailable.
14:16:21.993 [main] DEBUG io.netty.util.internal.ThreadLocalRandom --Dio.netty.initialSeedUniquifier: 0xe2d8ea1b4490101e
14:18:13.905 [main] DEBUG io.netty.util.internal.logging.InternalLoggerFactory -Using Log4J2 as the default logging framework
14:18:13.911 [main] DEBUG io.netty.util.ResourceLeakDetector --Dio.netty.leakDetection.level: simple
14:18:13.911 [main] DEBUG io.netty.util.ResourceLeakDetector --Dio.netty.leakDetection.targetRecords: 4
14:18:13.915 [main] DEBUG io.netty.util.ResourceLeakDetectorFactory -Loaded default ResourceLeakDetector: io.netty.util.ResourceLeakDetector@68c7ef83
14:18:13.930 [main] DEBUG io.netty.util.internal.PlatformDependent0 --Dio.netty.noUnsafe: false
14:18:13.930 [main] DEBUG io.netty.util.internal.PlatformDependent0 -Java version: 17
14:18:13.931 [main] DEBUG io.netty.util.internal.PlatformDependent0 -sun.misc.Unsafe.theUnsafe: available
14:18:13.932 [main] DEBUG io.netty.util.internal.PlatformDependent0 -sun.misc.Unsafe.copyMemory: available
14:18:13.933 [main] DEBUG io.netty.util.internal.PlatformDependent0 -sun.misc.Unsafe.storeFence: available
14:18:13.933 [main] DEBUG io.netty.util.internal.PlatformDependent0 -java.nio.Buffer.address: available
14:18:13.934 [main] DEBUG io.netty.util.internal.PlatformDependent0 -direct buffer constructor: unavailable: Reflective setAccessible(true) disabled
14:18:13.935 [main] DEBUG io.netty.util.internal.PlatformDependent0 -java.nio.Bits.unaligned: available, true
14:18:13.936 [main] DEBUG io.netty.util.internal.PlatformDependent0 -jdk.internal.misc.Unsafe.allocateUninitializedArray(int): unavailable: class io.netty.util.internal.PlatformDependent0$7 cannot access class jdk.internal.misc.Unsafe (in module java.base) because module java.base does not export jdk.internal.misc to unnamed module @7ab2bfe1
14:18:13.937 [main] DEBUG io.netty.util.internal.PlatformDependent0 -java.nio.DirectByteBuffer.<init>(long, int): unavailable
14:18:13.937 [main] DEBUG io.netty.util.internal.PlatformDependent -sun.misc.Unsafe: available
14:18:13.937 [main] DEBUG io.netty.util.internal.PlatformDependent -maxDirectMemory: 2118123520 bytes (maybe)
14:18:13.938 [main] DEBUG io.netty.util.internal.PlatformDependent --Dio.netty.tmpdir: C:\Users\Dell\AppData\Local\Temp (java.io.tmpdir)
14:18:13.938 [main] DEBUG io.netty.util.internal.PlatformDependent --Dio.netty.bitMode: 64 (sun.arch.data.model)
14:18:13.938 [main] DEBUG io.netty.util.internal.PlatformDependent -Platform: Windows
14:18:13.939 [main] DEBUG io.netty.util.internal.PlatformDependent --Dio.netty.maxDirectMemory: -1 bytes
14:18:13.939 [main] DEBUG io.netty.util.internal.PlatformDependent --Dio.netty.uninitializedArrayAllocationThreshold: -1
14:18:13.940 [main] DEBUG io.netty.util.internal.CleanerJava9 -java.nio.ByteBuffer.cleaner(): available
14:18:13.940 [main] DEBUG io.netty.util.internal.PlatformDependent --Dio.netty.noPreferDirect: false
14:18:13.947 [main] DEBUG io.netty.util.internal.PlatformDependent -org.jctools-core.MpscChunkedArrayQueue: available
14:18:13.962 [main] DEBUG io.netty.util.internal.InternalThreadLocalMap --Dio.netty.threadLocalMap.stringBuilder.initialSize: 1024
14:18:13.962 [main] DEBUG io.netty.util.internal.InternalThreadLocalMap --Dio.netty.threadLocalMap.stringBuilder.maxSize: 4096
14:18:14.005 [main] DEBUG io.netty.handler.ssl.JdkSslContext -Default protocols (JDK): [TLSv1.3, TLSv1.2] 
14:18:14.005 [main] DEBUG io.netty.handler.ssl.JdkSslContext -Default cipher suites (JDK): [TLS_ECDHE_ECDSA_WITH_AES_256_GCM_SHA384, TLS_ECDHE_ECDSA_WITH_AES_128_GCM_SHA256, TLS_ECDHE_RSA_WITH_AES_128_GCM_SHA256, TLS_ECDHE_RSA_WITH_AES_256_GCM_SHA384, TLS_ECDHE_RSA_WITH_AES_128_CBC_SHA, TLS_ECDHE_RSA_WITH_AES_256_CBC_SHA, TLS_RSA_WITH_AES_128_GCM_SHA256, TLS_RSA_WITH_AES_128_CBC_SHA, TLS_RSA_WITH_AES_256_CBC_SHA, TLS_AES_128_GCM_SHA256, TLS_AES_256_GCM_SHA384]
14:18:14.017 [main] DEBUG io.netty.util.concurrent.GlobalEventExecutor --Dio.netty.globalEventExecutor.quietPeriodSeconds: 1
14:18:14.030 [main] DEBUG io.netty.channel.MultithreadEventLoopGroup --Dio.netty.eventLoopThreads: 8
14:18:14.038 [main] DEBUG io.netty.channel.nio.NioEventLoop --Dio.netty.noKeySetOptimization: false
14:18:14.038 [main] DEBUG io.netty.channel.nio.NioEventLoop --Dio.netty.selectorAutoRebuildThreshold: 512
14:18:14.083 [main] DEBUG io.netty.buffer.PooledByteBufAllocator --Dio.netty.allocator.numHeapArenas: 8
14:18:14.083 [main] DEBUG io.netty.buffer.PooledByteBufAllocator --Dio.netty.allocator.numDirectArenas: 8
14:18:14.083 [main] DEBUG io.netty.buffer.PooledByteBufAllocator --Dio.netty.allocator.pageSize: 8192
14:18:14.083 [main] DEBUG io.netty.buffer.PooledByteBufAllocator --Dio.netty.allocator.maxOrder: 9
14:18:14.083 [main] DEBUG io.netty.buffer.PooledByteBufAllocator --Dio.netty.allocator.chunkSize: 4194304
14:18:14.083 [main] DEBUG io.netty.buffer.PooledByteBufAllocator --Dio.netty.allocator.smallCacheSize: 256
14:18:14.083 [main] DEBUG io.netty.buffer.PooledByteBufAllocator --Dio.netty.allocator.normalCacheSize: 64
14:18:14.083 [main] DEBUG io.netty.buffer.PooledByteBufAllocator --Dio.netty.allocator.maxCachedBufferCapacity: 32768
14:18:14.083 [main] DEBUG io.netty.buffer.PooledByteBufAllocator --Dio.netty.allocator.cacheTrimInterval: 8192
14:18:14.083 [main] DEBUG io.netty.buffer.PooledByteBufAllocator --Dio.netty.allocator.cacheTrimIntervalMillis: 0
14:18:14.084 [main] DEBUG io.netty.buffer.PooledByteBufAllocator --Dio.netty.allocator.useCacheForAllThreads: false
14:18:14.084 [main] DEBUG io.netty.buffer.PooledByteBufAllocator --Dio.netty.allocator.maxCachedByteBuffersPerChunk: 1023
14:18:14.098 [main] DEBUG io.netty.buffer.ByteBufUtil --Dio.netty.allocator.type: pooled
14:18:14.098 [main] DEBUG io.netty.buffer.ByteBufUtil --Dio.netty.threadLocalDirectBufferSize: 0
14:18:14.098 [main] DEBUG io.netty.buffer.ByteBufUtil --Dio.netty.maxThreadLocalCharBufferSize: 16384
14:18:14.383 [Forwarding newSession on session null to remote] DEBUG io.netty.channel.DefaultChannelId --Dio.netty.processId: 18976 (auto-detected)
14:18:14.386 [Forwarding newSession on session null to remote] DEBUG io.netty.util.NetUtil --Djava.net.preferIPv4Stack: false
14:18:14.386 [Forwarding newSession on session null to remote] DEBUG io.netty.util.NetUtil --Djava.net.preferIPv6Addresses: false
14:18:14.398 [Forwarding newSession on session null to remote] DEBUG io.netty.util.NetUtilInitializations -Loopback interface: lo (Software Loopback Interface 1, 127.0.0.1)
14:18:14.400 [Forwarding newSession on session null to remote] DEBUG io.netty.util.NetUtil -Failed to get SOMAXCONN from sysctl and file \proc\sys\net\core\somaxconn. Default: 200
14:18:14.418 [Forwarding newSession on session null to remote] DEBUG io.netty.channel.DefaultChannelId --Dio.netty.machineId: b0:35:9f:ff:fe:88:60:6c (auto-detected)
14:18:14.472 [AsyncHttpClient-1-2] DEBUG io.netty.buffer.AbstractByteBuf --Dio.netty.buffer.checkAccessible: true
14:18:14.473 [AsyncHttpClient-1-2] DEBUG io.netty.buffer.AbstractByteBuf --Dio.netty.buffer.checkBounds: true
14:18:14.473 [AsyncHttpClient-1-2] DEBUG io.netty.util.ResourceLeakDetectorFactory -Loaded default ResourceLeakDetector: io.netty.util.ResourceLeakDetector@46ae6fea
14:18:14.501 [AsyncHttpClient-1-2] DEBUG io.netty.util.Recycler --Dio.netty.recycler.maxCapacityPerThread: 4096
14:18:14.502 [AsyncHttpClient-1-2] DEBUG io.netty.util.Recycler --Dio.netty.recycler.ratio: 8
14:18:14.502 [AsyncHttpClient-1-2] DEBUG io.netty.util.Recycler --Dio.netty.recycler.chunkSize: 32
14:18:14.502 [AsyncHttpClient-1-2] DEBUG io.netty.util.Recycler --Dio.netty.recycler.blocking: false
14:18:14.502 [AsyncHttpClient-1-2] DEBUG io.netty.util.Recycler --Dio.netty.recycler.batchFastThreadLocalOnly: true
14:18:15.261 [AsyncHttpClient-1-2] DEBUG io.netty.handler.codec.compression.Brotli -brotli4j not in the classpath; Brotli support will be unavailable.
14:18:15.372 [main] DEBUG io.netty.util.internal.ThreadLocalRandom --Dio.netty.initialSeedUniquifier: 0x12cc39a7f76f39c3
14:19:24.462 [main] DEBUG io.netty.util.internal.logging.InternalLoggerFactory -Using Log4J2 as the default logging framework
14:19:24.469 [main] DEBUG io.netty.util.ResourceLeakDetector --Dio.netty.leakDetection.level: simple
14:19:24.470 [main] DEBUG io.netty.util.ResourceLeakDetector --Dio.netty.leakDetection.targetRecords: 4
14:19:24.473 [main] DEBUG io.netty.util.ResourceLeakDetectorFactory -Loaded default ResourceLeakDetector: io.netty.util.ResourceLeakDetector@3e6534e7
14:19:24.488 [main] DEBUG io.netty.util.internal.PlatformDependent0 --Dio.netty.noUnsafe: false
14:19:24.488 [main] DEBUG io.netty.util.internal.PlatformDependent0 -Java version: 17
14:19:24.489 [main] DEBUG io.netty.util.internal.PlatformDependent0 -sun.misc.Unsafe.theUnsafe: available
14:19:24.490 [main] DEBUG io.netty.util.internal.PlatformDependent0 -sun.misc.Unsafe.copyMemory: available
14:19:24.491 [main] DEBUG io.netty.util.internal.PlatformDependent0 -sun.misc.Unsafe.storeFence: available
14:19:24.491 [main] DEBUG io.netty.util.internal.PlatformDependent0 -java.nio.Buffer.address: available
14:19:24.492 [main] DEBUG io.netty.util.internal.PlatformDependent0 -direct buffer constructor: unavailable: Reflective setAccessible(true) disabled
14:19:24.493 [main] DEBUG io.netty.util.internal.PlatformDependent0 -java.nio.Bits.unaligned: available, true
14:19:24.494 [main] DEBUG io.netty.util.internal.PlatformDependent0 -jdk.internal.misc.Unsafe.allocateUninitializedArray(int): unavailable: class io.netty.util.internal.PlatformDependent0$7 cannot access class jdk.internal.misc.Unsafe (in module java.base) because module java.base does not export jdk.internal.misc to unnamed module @7ab2bfe1
14:19:24.495 [main] DEBUG io.netty.util.internal.PlatformDependent0 -java.nio.DirectByteBuffer.<init>(long, int): unavailable
14:19:24.495 [main] DEBUG io.netty.util.internal.PlatformDependent -sun.misc.Unsafe: available
14:19:24.495 [main] DEBUG io.netty.util.internal.PlatformDependent -maxDirectMemory: 2118123520 bytes (maybe)
14:19:24.496 [main] DEBUG io.netty.util.internal.PlatformDependent --Dio.netty.tmpdir: C:\Users\Dell\AppData\Local\Temp (java.io.tmpdir)
14:19:24.496 [main] DEBUG io.netty.util.internal.PlatformDependent --Dio.netty.bitMode: 64 (sun.arch.data.model)
14:19:24.496 [main] DEBUG io.netty.util.internal.PlatformDependent -Platform: Windows
14:19:24.497 [main] DEBUG io.netty.util.internal.PlatformDependent --Dio.netty.maxDirectMemory: -1 bytes
14:19:24.497 [main] DEBUG io.netty.util.internal.PlatformDependent --Dio.netty.uninitializedArrayAllocationThreshold: -1
14:19:24.498 [main] DEBUG io.netty.util.internal.CleanerJava9 -java.nio.ByteBuffer.cleaner(): available
14:19:24.498 [main] DEBUG io.netty.util.internal.PlatformDependent --Dio.netty.noPreferDirect: false
14:19:24.505 [main] DEBUG io.netty.util.internal.PlatformDependent -org.jctools-core.MpscChunkedArrayQueue: available
14:19:24.520 [main] DEBUG io.netty.util.internal.InternalThreadLocalMap --Dio.netty.threadLocalMap.stringBuilder.initialSize: 1024
14:19:24.520 [main] DEBUG io.netty.util.internal.InternalThreadLocalMap --Dio.netty.threadLocalMap.stringBuilder.maxSize: 4096
14:19:24.570 [main] DEBUG io.netty.handler.ssl.JdkSslContext -Default protocols (JDK): [TLSv1.3, TLSv1.2] 
14:19:24.570 [main] DEBUG io.netty.handler.ssl.JdkSslContext -Default cipher suites (JDK): [TLS_ECDHE_ECDSA_WITH_AES_256_GCM_SHA384, TLS_ECDHE_ECDSA_WITH_AES_128_GCM_SHA256, TLS_ECDHE_RSA_WITH_AES_128_GCM_SHA256, TLS_ECDHE_RSA_WITH_AES_256_GCM_SHA384, TLS_ECDHE_RSA_WITH_AES_128_CBC_SHA, TLS_ECDHE_RSA_WITH_AES_256_CBC_SHA, TLS_RSA_WITH_AES_128_GCM_SHA256, TLS_RSA_WITH_AES_128_CBC_SHA, TLS_RSA_WITH_AES_256_CBC_SHA, TLS_AES_128_GCM_SHA256, TLS_AES_256_GCM_SHA384]
14:19:24.582 [main] DEBUG io.netty.util.concurrent.GlobalEventExecutor --Dio.netty.globalEventExecutor.quietPeriodSeconds: 1
14:19:24.594 [main] DEBUG io.netty.channel.MultithreadEventLoopGroup --Dio.netty.eventLoopThreads: 8
14:19:24.603 [main] DEBUG io.netty.channel.nio.NioEventLoop --Dio.netty.noKeySetOptimization: false
14:19:24.603 [main] DEBUG io.netty.channel.nio.NioEventLoop --Dio.netty.selectorAutoRebuildThreshold: 512
14:19:24.642 [main] DEBUG io.netty.buffer.PooledByteBufAllocator --Dio.netty.allocator.numHeapArenas: 8
14:19:24.642 [main] DEBUG io.netty.buffer.PooledByteBufAllocator --Dio.netty.allocator.numDirectArenas: 8
14:19:24.642 [main] DEBUG io.netty.buffer.PooledByteBufAllocator --Dio.netty.allocator.pageSize: 8192
14:19:24.642 [main] DEBUG io.netty.buffer.PooledByteBufAllocator --Dio.netty.allocator.maxOrder: 9
14:19:24.642 [main] DEBUG io.netty.buffer.PooledByteBufAllocator --Dio.netty.allocator.chunkSize: 4194304
14:19:24.642 [main] DEBUG io.netty.buffer.PooledByteBufAllocator --Dio.netty.allocator.smallCacheSize: 256
14:19:24.642 [main] DEBUG io.netty.buffer.PooledByteBufAllocator --Dio.netty.allocator.normalCacheSize: 64
14:19:24.643 [main] DEBUG io.netty.buffer.PooledByteBufAllocator --Dio.netty.allocator.maxCachedBufferCapacity: 32768
14:19:24.643 [main] DEBUG io.netty.buffer.PooledByteBufAllocator --Dio.netty.allocator.cacheTrimInterval: 8192
14:19:24.643 [main] DEBUG io.netty.buffer.PooledByteBufAllocator --Dio.netty.allocator.cacheTrimIntervalMillis: 0
14:19:24.643 [main] DEBUG io.netty.buffer.PooledByteBufAllocator --Dio.netty.allocator.useCacheForAllThreads: false
14:19:24.643 [main] DEBUG io.netty.buffer.PooledByteBufAllocator --Dio.netty.allocator.maxCachedByteBuffersPerChunk: 1023
14:19:24.659 [main] DEBUG io.netty.buffer.ByteBufUtil --Dio.netty.allocator.type: pooled
14:19:24.659 [main] DEBUG io.netty.buffer.ByteBufUtil --Dio.netty.threadLocalDirectBufferSize: 0
14:19:24.659 [main] DEBUG io.netty.buffer.ByteBufUtil --Dio.netty.maxThreadLocalCharBufferSize: 16384
14:19:24.949 [Forwarding newSession on session null to remote] DEBUG io.netty.channel.DefaultChannelId --Dio.netty.processId: 5236 (auto-detected)
14:19:24.951 [Forwarding newSession on session null to remote] DEBUG io.netty.util.NetUtil --Djava.net.preferIPv4Stack: false
14:19:24.952 [Forwarding newSession on session null to remote] DEBUG io.netty.util.NetUtil --Djava.net.preferIPv6Addresses: false
14:19:24.960 [Forwarding newSession on session null to remote] DEBUG io.netty.util.NetUtilInitializations -Loopback interface: lo (Software Loopback Interface 1, 127.0.0.1)
14:19:24.961 [Forwarding newSession on session null to remote] DEBUG io.netty.util.NetUtil -Failed to get SOMAXCONN from sysctl and file \proc\sys\net\core\somaxconn. Default: 200
14:19:24.980 [Forwarding newSession on session null to remote] DEBUG io.netty.channel.DefaultChannelId --Dio.netty.machineId: b0:35:9f:ff:fe:88:60:6c (auto-detected)
14:19:25.033 [AsyncHttpClient-1-2] DEBUG io.netty.buffer.AbstractByteBuf --Dio.netty.buffer.checkAccessible: true
14:19:25.033 [AsyncHttpClient-1-2] DEBUG io.netty.buffer.AbstractByteBuf --Dio.netty.buffer.checkBounds: true
14:19:25.033 [AsyncHttpClient-1-2] DEBUG io.netty.util.ResourceLeakDetectorFactory -Loaded default ResourceLeakDetector: io.netty.util.ResourceLeakDetector@17789b07
14:19:25.058 [AsyncHttpClient-1-2] DEBUG io.netty.util.Recycler --Dio.netty.recycler.maxCapacityPerThread: 4096
14:19:25.058 [AsyncHttpClient-1-2] DEBUG io.netty.util.Recycler --Dio.netty.recycler.ratio: 8
14:19:25.058 [AsyncHttpClient-1-2] DEBUG io.netty.util.Recycler --Dio.netty.recycler.chunkSize: 32
14:19:25.058 [AsyncHttpClient-1-2] DEBUG io.netty.util.Recycler --Dio.netty.recycler.blocking: false
14:19:25.058 [AsyncHttpClient-1-2] DEBUG io.netty.util.Recycler --Dio.netty.recycler.batchFastThreadLocalOnly: true
14:19:25.887 [AsyncHttpClient-1-2] DEBUG io.netty.handler.codec.compression.Brotli -brotli4j not in the classpath; Brotli support will be unavailable.
14:19:25.995 [main] DEBUG io.netty.util.internal.ThreadLocalRandom --Dio.netty.initialSeedUniquifier: 0xf9940231388ec73d
14:20:45.112 [main] DEBUG io.netty.util.internal.logging.InternalLoggerFactory -Using Log4J2 as the default logging framework
14:20:45.120 [main] DEBUG io.netty.util.ResourceLeakDetector --Dio.netty.leakDetection.level: simple
14:20:45.120 [main] DEBUG io.netty.util.ResourceLeakDetector --Dio.netty.leakDetection.targetRecords: 4
14:20:45.124 [main] DEBUG io.netty.util.ResourceLeakDetectorFactory -Loaded default ResourceLeakDetector: io.netty.util.ResourceLeakDetector@681e144
14:20:45.140 [main] DEBUG io.netty.util.internal.PlatformDependent0 --Dio.netty.noUnsafe: false
14:20:45.140 [main] DEBUG io.netty.util.internal.PlatformDependent0 -Java version: 17
14:20:45.141 [main] DEBUG io.netty.util.internal.PlatformDependent0 -sun.misc.Unsafe.theUnsafe: available
14:20:45.141 [main] DEBUG io.netty.util.internal.PlatformDependent0 -sun.misc.Unsafe.copyMemory: available
14:20:45.142 [main] DEBUG io.netty.util.internal.PlatformDependent0 -sun.misc.Unsafe.storeFence: available
14:20:45.142 [main] DEBUG io.netty.util.internal.PlatformDependent0 -java.nio.Buffer.address: available
14:20:45.143 [main] DEBUG io.netty.util.internal.PlatformDependent0 -direct buffer constructor: unavailable: Reflective setAccessible(true) disabled
14:20:45.144 [main] DEBUG io.netty.util.internal.PlatformDependent0 -java.nio.Bits.unaligned: available, true
14:20:45.145 [main] DEBUG io.netty.util.internal.PlatformDependent0 -jdk.internal.misc.Unsafe.allocateUninitializedArray(int): unavailable: class io.netty.util.internal.PlatformDependent0$7 cannot access class jdk.internal.misc.Unsafe (in module java.base) because module java.base does not export jdk.internal.misc to unnamed module @7ab2bfe1
14:20:45.146 [main] DEBUG io.netty.util.internal.PlatformDependent0 -java.nio.DirectByteBuffer.<init>(long, int): unavailable
14:20:45.146 [main] DEBUG io.netty.util.internal.PlatformDependent -sun.misc.Unsafe: available
14:20:45.147 [main] DEBUG io.netty.util.internal.PlatformDependent -maxDirectMemory: 2118123520 bytes (maybe)
14:20:45.147 [main] DEBUG io.netty.util.internal.PlatformDependent --Dio.netty.tmpdir: C:\Users\Dell\AppData\Local\Temp (java.io.tmpdir)
14:20:45.147 [main] DEBUG io.netty.util.internal.PlatformDependent --Dio.netty.bitMode: 64 (sun.arch.data.model)
14:20:45.147 [main] DEBUG io.netty.util.internal.PlatformDependent -Platform: Windows
14:20:45.148 [main] DEBUG io.netty.util.internal.PlatformDependent --Dio.netty.maxDirectMemory: -1 bytes
14:20:45.148 [main] DEBUG io.netty.util.internal.PlatformDependent --Dio.netty.uninitializedArrayAllocationThreshold: -1
14:20:45.150 [main] DEBUG io.netty.util.internal.CleanerJava9 -java.nio.ByteBuffer.cleaner(): available
14:20:45.150 [main] DEBUG io.netty.util.internal.PlatformDependent --Dio.netty.noPreferDirect: false
14:20:45.160 [main] DEBUG io.netty.util.internal.PlatformDependent -org.jctools-core.MpscChunkedArrayQueue: available
14:20:45.178 [main] DEBUG io.netty.util.internal.InternalThreadLocalMap --Dio.netty.threadLocalMap.stringBuilder.initialSize: 1024
14:20:45.178 [main] DEBUG io.netty.util.internal.InternalThreadLocalMap --Dio.netty.threadLocalMap.stringBuilder.maxSize: 4096
14:20:45.227 [main] DEBUG io.netty.handler.ssl.JdkSslContext -Default protocols (JDK): [TLSv1.3, TLSv1.2] 
14:20:45.227 [main] DEBUG io.netty.handler.ssl.JdkSslContext -Default cipher suites (JDK): [TLS_ECDHE_ECDSA_WITH_AES_256_GCM_SHA384, TLS_ECDHE_ECDSA_WITH_AES_128_GCM_SHA256, TLS_ECDHE_RSA_WITH_AES_128_GCM_SHA256, TLS_ECDHE_RSA_WITH_AES_256_GCM_SHA384, TLS_ECDHE_RSA_WITH_AES_128_CBC_SHA, TLS_ECDHE_RSA_WITH_AES_256_CBC_SHA, TLS_RSA_WITH_AES_128_GCM_SHA256, TLS_RSA_WITH_AES_128_CBC_SHA, TLS_RSA_WITH_AES_256_CBC_SHA, TLS_AES_128_GCM_SHA256, TLS_AES_256_GCM_SHA384]
